GET /api/genres 200 100 - 3.336 ms
POST /api/genres 500 2047 - 4.915 ms
POST /api/genres 200 2 - 36.641 ms
POST /api/genres 200 61 - 88.287 ms
GET /api/genres 200 63 - 67.948 ms
GET /api/genres/5bab6716005a80172ee521ad 200 63 - 56.263 ms
GET /api/genres/5bab6716005a80172ee521ae 200 2 - 4.570 ms
GET /api/genres/5bab6716005a80172ee521ad 200 63 - 109.685 ms
PUT /api/genres/5bab6716005a80172ee521ad 200 63 - 62.573 ms
PUT /api/genres/5bab6716005a80172ee521ad 200 56 - 174.119 ms
DELETE /api/genres/5bab6716005a80172ee521ad 200 56 - 63.965 ms
DELETE /api/genres/5bab6716005a80172ee521ad 200 0 - 1.613 ms
DELETE /api/genres/5bab6716005a80172ee521ad 200 0 - 1.059 ms
POST /api/genres 200 56 - 101.251 ms
POST /api/genres/5bab6d67f105fd1989f95dd7 404 175 - 2.444 ms
PUT /api/genres/5bab6d67f105fd1989f95dd7 400 48 - 7.520 ms
PUT /api/genres/5bab6d67f105fd1989f95dd7 200 56 - 78.974 ms
PUT /api/genres/5bab6d67f105fd1989f95dd7 200 56 - 111.516 ms
POST /api/genres 200 61 - 50.392 ms
POST /api/genres 400 48 - 4.865 ms
POST /api/genres 200 56 - 7.886 ms
POST /api/genres 400 99 - 42.320 ms
